#
# There is insufficient memory for the Java Runtime Environment to continue.
# Native memory allocation (malloc) failed to allocate 1048576 bytes for AllocateHeap
# Possible reasons:
#   The system is out of physical RAM or swap space
#   The process is running with CompressedOops enabled, and the Java Heap may be blocking the growth of the native heap
# Possible solutions:
#   Reduce memory load on the system
#   Increase physical memory or swap space
#   Check if swap backing store is full
#   Decrease Java heap size (-Xmx/-Xms)
#   Decrease number of Java threads
#   Decrease Java thread stack sizes (-Xss)
#   Set larger code cache with -XX:ReservedCodeCacheSize=
#   JVM is running with Unscaled Compressed Oops mode in which the Java heap is
#     placed in the first 4GB address space. The Java Heap base address is the
#     maximum limit for the native heap growth. Please use -XX:HeapBaseMinAddress
#     to set the Java Heap base and to place the Java Heap above 4GB virtual address.
# This output file may be truncated or incomplete.
#
#  Out of Memory Error (allocation.cpp:44), pid=2328, tid=6624
#
# JRE version:  (19.0.2+7) (build )
# Java VM: Java HotSpot(TM) 64-Bit Server VM (19.0.2+7-44, mixed mode, sharing, tiered, compressed oops, compressed class ptrs, g1 gc, windows-amd64)
# No core dump will be written. Minidumps are not enabled by default on client versions of Windows
#

---------------  S U M M A R Y ------------

Command Line: -Dfile.encoding=UTF-8 --module-path=D:\NetBeansProjects\Oracle\build\classes oracle.Main

Host: Intel(R) Core(TM) i3-7020U CPU @ 2.30GHz, 4 cores, 7G,  Windows 11 , 64 bit Build 22621 (10.0.22621.1344)
Time: Wed Mar 22 22:20:12 2023 SE Asia Standard Time elapsed time: 0.039420 seconds (0d 0h 0m 0s)

---------------  T H R E A D  ---------------

Current thread (0x000001feecc36910):  JavaThread "Unknown thread" [_thread_in_vm, id=6624, stack(0x000000b15bf00000,0x000000b15c000000)]

Stack: [0x000000b15bf00000,0x000000b15c000000]
Native frames: (J=compiled Java code, j=interpreted, Vv=VM code, C=native code)
V  [jvm.dll+0x6ee21a]
V  [jvm.dll+0x85765e]
V  [jvm.dll+0x85904e]
V  [jvm.dll+0x859703]
V  [jvm.dll+0x28298f]
V  [jvm.dll+0xc406b]
V  [jvm.dll+0x32a5d9]
V  [jvm.dll+0x82174b]
V  [jvm.dll+0x3c2661]
V  [jvm.dll+0x801f51]
V  [jvm.dll+0x44ae8f]
V  [jvm.dll+0x44c811]
C  [jli.dll+0x5287]
C  [ucrtbase.dll+0x29363]
C  [KERNEL32.DLL+0x126bd]
C  [ntdll.dll+0x5a9f8]


---------------  P R O C E S S  ---------------

Threads class SMR info:
_java_thread_list=0x00007ff93908d048, length=0, elements={
}

Java Threads: ( => current thread )

Other Threads:

=>0x000001feecc36910 (exited) JavaThread "Unknown thread" [_thread_in_vm, id=6624, stack(0x000000b15bf00000,0x000000b15c000000)]

Threads with active compile tasks:

VM state: not at safepoint (not fully initialized)

VM Mutex/Monitor currently owned by a thread: None

Heap address: 0x0000000000000000, size: 0 MB, Compressed Oops mode: 32-bit

CDS archive(s) mapped at: [0x0000000000000000-0x0000000000000000-0x0000000000000000), size 0, SharedBaseAddress: 0x0000000800000000, ArchiveRelocationMode: 0.
Narrow klass base: 0x0000000000000000, Narrow klass shift: 0, Narrow klass range: 0x0

GC Precious Log:
 CardTable entry size: 512
 Card Set container configuration: InlinePtr #cards 5 size 8 Array Of Cards #cards 12 size 40 Howl #buckets 4 coarsen threshold 1843 Howl Bitmap #cards 512 size 80 coarsen threshold 460 Card regions per heap region 1 cards per card region 2048

GC Heap History (0 events):
No events

Dll operation events (1 events):
Event: 0.016 Loaded shared library C:\Program Files\Java\jdk-19\bin\java.dll

Deoptimization events (0 events):
No events

Classes loaded (0 events):
No events

Classes unloaded (0 events):
No events

Classes redefined (0 events):
No events

Internal exceptions (0 events):
No events

VM Operations (0 events):
No events

Events (0 events):
No events


Dynamic libraries:
0x00007ff78c440000 - 0x00007ff78c450000 	C:\Program Files\Java\jdk-19\bin\java.exe
0x00007ff997c10000 - 0x00007ff997e24000 	C:\Windows\SYSTEM32\ntdll.dll
0x00007ff996920000 - 0x00007ff9969e3000 	C:\Windows\System32\KERNEL32.DLL
0x00007ff995180000 - 0x00007ff99551c000 	C:\Windows\System32\KERNELBASE.dll
0x00007ff995520000 - 0x00007ff995631000 	C:\Windows\System32\ucrtbase.dll
0x00007ff98db30000 - 0x00007ff98db48000 	C:\Program Files\Java\jdk-19\bin\jli.dll
0x00007ff995f50000 - 0x00007ff995ffe000 	C:\Windows\System32\ADVAPI32.dll
0x00007ff995b80000 - 0x00007ff995c27000 	C:\Windows\System32\msvcrt.dll
0x00007ff995a20000 - 0x00007ff995ac4000 	C:\Windows\System32\sechost.dll
0x00007ff996000000 - 0x00007ff996115000 	C:\Windows\System32\RPCRT4.dll
0x00007ff9965f0000 - 0x00007ff99679d000 	C:\Windows\System32\USER32.dll
0x00007ff995880000 - 0x00007ff9958a6000 	C:\Windows\System32\win32u.dll
0x00007ff995b50000 - 0x00007ff995b79000 	C:\Windows\System32\GDI32.dll
0x00007ff9956e0000 - 0x00007ff9957f3000 	C:\Windows\System32\gdi32full.dll
0x00007ff995640000 - 0x00007ff9956da000 	C:\Windows\System32\msvcp_win.dll
0x00007ff98dac0000 - 0x00007ff98dadb000 	C:\Program Files\Java\jdk-19\bin\VCRUNTIME140.dll
0x00007ff97cec0000 - 0x00007ff97d14e000 	C:\Windows\WinSxS\amd64_microsoft.windows.common-controls_6595b64144ccf1df_6.0.22621.608_none_a9444ca7c10bb01d\COMCTL32.dll
0x00007ff985cb0000 - 0x00007ff985cba000 	C:\Windows\SYSTEM32\VERSION.dll
0x00007ff9979b0000 - 0x00007ff9979e1000 	C:\Windows\System32\IMM32.DLL
0x00007ff98dfa0000 - 0x00007ff98dfac000 	C:\Program Files\Java\jdk-19\bin\vcruntime140_1.dll
0x00007ff97d440000 - 0x00007ff97d4ce000 	C:\Program Files\Java\jdk-19\bin\msvcp140.dll
0x00007ff938510000 - 0x00007ff9391d0000 	C:\Program Files\Java\jdk-19\bin\server\jvm.dll
0x00007ff96f690000 - 0x00007ff96f699000 	C:\Windows\SYSTEM32\WSOCK32.dll
0x00007ff995ad0000 - 0x00007ff995b41000 	C:\Windows\System32\WS2_32.dll
0x00007ff98c740000 - 0x00007ff98c774000 	C:\Windows\SYSTEM32\WINMM.dll
0x00007ff994100000 - 0x00007ff994118000 	C:\Windows\SYSTEM32\kernel.appcore.dll
0x00007ff98de40000 - 0x00007ff98de4a000 	C:\Program Files\Java\jdk-19\bin\jimage.dll
0x00007ff992950000 - 0x00007ff992b7e000 	C:\Windows\SYSTEM32\DBGHELP.DLL
0x00007ff996120000 - 0x00007ff9964a9000 	C:\Windows\System32\combase.dll
0x00007ff996c00000 - 0x00007ff996cd7000 	C:\Windows\System32\OLEAUT32.dll
0x00007ff98cb60000 - 0x00007ff98cb92000 	C:\Windows\SYSTEM32\dbgcore.DLL
0x00007ff995800000 - 0x00007ff99587b000 	C:\Windows\System32\bcryptPrimitives.dll
0x00007ff98da50000 - 0x00007ff98da76000 	C:\Program Files\Java\jdk-19\bin\java.dll

dbghelp: loaded successfully - version: 4.0.5 - missing functions: none
symbol engine: initialized successfully - sym options: 0x614 - pdb path: .;C:\Program Files\Java\jdk-19\bin;C:\Windows\SYSTEM32;C:\Windows\WinSxS\amd64_microsoft.windows.common-controls_6595b64144ccf1df_6.0.22621.608_none_a9444ca7c10bb01d;C:\Program Files\Java\jdk-19\bin\server

VM Arguments:
jvm_args: -Dfile.encoding=UTF-8 --module-path=D:\NetBeansProjects\Oracle\build\classes 
java_command: oracle.Main
java_class_path (initial): C:\Program Files\NetBeans-17\netbeans\java\modules\ext\AbsoluteLayout.jar;C:\Users\qtrung1702\Downloads\ojdbc11.jar;D:\NetBeansProjects\Oracle\build\classes
Launcher Type: SUN_STANDARD

[Global flags]
     intx CICompilerCount                          = 3                                         {product} {ergonomic}
     uint ConcGCThreads                            = 1                                         {product} {ergonomic}
     uint G1ConcRefinementThreads                  = 4                                         {product} {ergonomic}
   size_t G1HeapRegionSize                         = 1048576                                   {product} {ergonomic}
    uintx GCDrainStackTargetSize                   = 64                                        {product} {ergonomic}
   size_t InitialHeapSize                          = 132120576                                 {product} {ergonomic}
   size_t MarkStackSize                            = 4194304                                   {product} {ergonomic}
   size_t MaxHeapSize                              = 2105540608                                {product} {ergonomic}
   size_t MinHeapDeltaBytes                        = 1048576                                   {product} {ergonomic}
   size_t MinHeapSize                              = 8388608                                   {product} {ergonomic}
    uintx NonNMethodCodeHeapSize                   = 5832780                                {pd product} {ergonomic}
    uintx NonProfiledCodeHeapSize                  = 122912730                              {pd product} {ergonomic}
    uintx ProfiledCodeHeapSize                     = 122912730                              {pd product} {ergonomic}
    uintx ReservedCodeCacheSize                    = 251658240                              {pd product} {ergonomic}
     bool SegmentedCodeCache                       = true                                      {product} {ergonomic}
   size_t SoftMaxHeapSize                          = 2105540608                             {manageable} {ergonomic}
     bool UseCompressedClassPointers               = true                           {product lp64_product} {ergonomic}
     bool UseCompressedOops                        = true                           {product lp64_product} {ergonomic}
     bool UseG1GC                                  = true                                      {product} {ergonomic}
     bool UseLargePagesIndividualAllocation        = false                                  {pd product} {ergonomic}

Logging:
Log output configuration:
 #0: stdout all=warning uptime,level,tags foldmultilines=false
 #1: stderr all=off uptime,level,tags foldmultilines=false

Environment Variables:
PATH=C:\Program Files\Common Files\Oracle\Java\javapath;C:\Oracle\WINDOWS.X64_213000_db_home\bin;C:\Windows\system32;C:\Windows;C:\Windows\System32\Wbem;C:\Windows\System32\WindowsPowerShell\v1.0\;C:\Windows\System32\OpenSSH\;C:\Program Files\Cloudflare\Cloudflare WARP\;C:\Program Files (x86)\Microsoft VS Code\bin;C:\gradle\gradle-8.0.2\bin;C:\Program Files (x86)\Microsoft SQL Server\160\Tools\Binn\;C:\Program Files\Microsoft SQL Server\160\Tools\Binn\;C:\Program Files\Microsoft SQL Server\Client SDK\ODBC\170\Tools\Binn\;C:\Program Files\Microsoft SQL Server\160\DTS\Binn\;C:\Program Files (x86)\Microsoft SQL Server\160\DTS\Binn\;C:\Program Files\Azure Data Studio\bin;C:\Users\qtrung1702\AppData\Local\Microsoft\WindowsApps;C:\Users\qtrung1702\AppData\Local\JetBrains\Toolbox\scripts;C:\Program Files\Azure Data Studio\bin
USERNAME=qtrung1702
OS=Windows_NT
PROCESSOR_IDENTIFIER=Intel64 Family 6 Model 142 Stepping 9, GenuineIntel
TMP=C:\Users\QTRUNG~1\AppData\Local\Temp
TEMP=C:\Users\QTRUNG~1\AppData\Local\Temp



---------------  S Y S T E M  ---------------

OS:
 Windows 11 , 64 bit Build 22621 (10.0.22621.1344)
OS uptime: 0 days 1:34 hours
Hyper-V role detected

CPU: total 4 (initial active 4) (2 cores per cpu, 2 threads per core) family 6 model 142 stepping 9 microcode 0xec, cx8, cmov, fxsr, ht, mmx, 3dnowpref, sse, sse2, sse3, ssse3, sse4.1, sse4.2, popcnt, lzcnt, tsc, tscinvbit, avx, avx2, aes, erms, clmul, bmi1, bmi2, adx, fma, vzeroupper, clflush, clflushopt, hv, rdtscp

Memory: 4k page, system-wide physical 8028M (215M free)
TotalPageFile size 12124M (AvailPageFile size 5M)
current process WorkingSet (physical memory assigned to process): 10M, peak: 10M
current process commit charge ("private bytes"): 12M, peak: 13M

vm_info: Java HotSpot(TM) 64-Bit Server VM (19.0.2+7-44) for windows-amd64 JRE (19.0.2+7-44), built on 2022-11-30T18:02:09Z by "mach5one" with MS VC++ 17.1 (VS2022)

END.
